mqtt_consumer,host=bee12d58b128,topic=telegraf count=0,newEvent_0_bs=1111111111111 1632477091782302600
mqtt_consumer,host=bee12d58b128,topic=telegraf count=0,newEvent_0_bs=1111111111111 1632477095620954300
mqtt_consumer,host=bee12d58b128,topic=telegraf newEvent_0_bs=1111111111111,count=0 1632477096374055000
mqtt_consumer,host=bee12d58b128,topic=telegraf newEvent_0_bs=1111111111111,count=0 1632477096905769000
mqtt_consumer,host=bee12d58b128,topic=telegraf count=0,newEvent_0_bs=1111111111111 1632477097254819900
mqtt_consumer,host=bee12d58b128,topic=telegraf count=0,newEvent_0_bs=1111111111111 1632477385777144900
example,host=bee12d58b128,topic=telegraf metaData_name="nw_id",metaData_value="2222222",mediaType="somesensor/Window",bs=1111111111111,siteId="99999999999999",deviceId="18",instanceName="new created Room",lastValue="0",lastDuration="1394947",value="1" 1632477691699928500
example,host=bee12d58b128,topic=telegraf metaData_name="varindex",metaData_value="103",mediaType="somesensor/Window",bs=1111111111111,siteId="99999999999999",deviceId="18",instanceName="new created Room",lastValue="0",lastDuration="1394947",value="1" 1632477691699928500
example,host=bee12d58b128,topic=telegraf metaData_name="datasource",metaData_value=" ",mediaType="somesensor/Window",bs=1111111111111,siteId="99999999999999",deviceId="18",instanceName="new created Room",lastValue="0",lastDuration="1394947",value="1" 1632477691699928500
example,host=bee12d58b128,topic=telegraf metaData_name="datavalue",metaData_value="1",mediaType="somesensor/Window",bs=1111111111111,siteId="99999999999999",deviceId="18",instanceName="new created Room",lastValue="0",lastDuration="1394947",value="1" 1632477691699928500
example,host=bee12d58b128,topic=telegraf metaData_name="created_at",metaData_value="1632232201814",mediaType="somesensor/Window",bs=1111111111111,siteId="99999999999999",deviceId="18",instanceName="new created Room",lastValue="0",lastDuration="1394947",value="1" 1632477691699928500
example,host=bee12d58b128,topic=telegraf metaData_name="warning",metaData_value="0",mediaType="somesensor/Window",bs=1111111111111,siteId="99999999999999",deviceId="18",instanceName="new created Room",lastValue="0",lastDuration="1394947",value="1" 1632477691699928500
example,host=bee12d58b128,topic=telegraf metaData_name="sysmode",metaData_value="9",mediaType="somesensor/Window",bs=1111111111111,siteId="99999999999999",deviceId="18",instanceName="new created Room",lastValue="0",lastDuration="1394947",value="1" 1632477691699928500
example,host=bee12d58b128,topic=telegraf metaData_name="varfunction",metaData_value="some-window-switch",mediaType="somesensor/Window",bs=1111111111111,siteId="99999999999999",deviceId="18",instanceName="new created Room",lastValue="0",lastDuration="1394947",value="1" 1632477691699928500
example,host=bee12d58b128,topic=telegraf metaData_name="varname",metaData_value="state",mediaType="somesensor/Window",bs=1111111111111,siteId="99999999999999",deviceId="18",instanceName="new created Room",lastValue="0",lastDuration="1394947",value="1" 1632477691699928500
example,host=bee12d58b128,topic=telegraf metaData_name="instance_",metaData_value="new created Room",mediaType="somesensor/Window",bs=1111111111111,siteId="99999999999999",deviceId="18",instanceName="new created Room",lastValue="0",lastDuration="1394947",value="1" 1632477691699928500
example,host=bee12d58b128,topic=telegraf metaData_name="mediatype",metaData_value="some-window-switch/state",mediaType="somesensor/Window",bs=1111111111111,siteId="99999999999999",deviceId="18",instanceName="new created Room",lastValue="0",lastDuration="1394947",value="1" 1632477691699928500
example,host=bee12d58b128,topic=telegraf metaData_name="last_datavalue",metaData_value="0",mediaType="somesensor/Window",bs=1111111111111,siteId="99999999999999",deviceId="18",instanceName="new created Room",lastValue="0",lastDuration="1394947",value="1" 1632477691699928500
example,host=bee12d58b128,topic=telegraf metaData_name="std_units",metaData_value="Open|Closed",mediaType="somesensor/Window",bs=1111111111111,siteId="99999999999999",deviceId="18",instanceName="new created Room",lastValue="0",lastDuration="1394947",value="1" 1632477691699928500
example,host=bee12d58b128,topic=telegraf metaData_name="raw_units",metaData_value="Boolean",mediaType="somesensor/Window",bs=1111111111111,siteId="99999999999999",deviceId="18",instanceName="new created Room",lastValue="0",lastDuration="1394947",value="1" 1632477691699928500
example,host=bee12d58b128,topic=telegraf metaData_name="category",metaData_value="secure",mediaType="somesensor/Window",bs=1111111111111,siteId="99999999999999",deviceId="18",instanceName="new created Room",lastValue="0",lastDuration="1394947",value="1" 1632477691699928500
example,host=bee12d58b128,topic=telegraf metaData_name="encryption",metaData_value="0",mediaType="somesensor/Window",bs=1111111111111,siteId="99999999999999",deviceId="18",instanceName="new created Room",lastValue="0",lastDuration="1394947",value="1" 1632477691699928500
example,host=bee12d58b128,topic=telegraf metaData_name="nw_id",metaData_value="2222222",mediaType="somesensor/Window",bs=1111111111111,siteId="99999999999999",deviceId="18",instanceName="new created Room",lastValue="0",lastDuration="1394947",value="1" 1632482016280801400
example,host=bee12d58b128,topic=telegraf metaData_name="varindex",metaData_value="103",mediaType="somesensor/Window",bs=1111111111111,siteId="99999999999999",deviceId="18",instanceName="new created Room",lastValue="0",lastDuration="1394947",value="1" 1632482016280801400
example,host=bee12d58b128,topic=telegraf metaData_name="datasource",metaData_value=" ",mediaType="somesensor/Window",bs=1111111111111,siteId="99999999999999",deviceId="18",instanceName="new created Room",lastValue="0",lastDuration="1394947",value="1" 1632482016280801400
example,host=bee12d58b128,topic=telegraf metaData_name="datavalue",metaData_value="1",mediaType="somesensor/Window",bs=1111111111111,siteId="99999999999999",deviceId="18",instanceName="new created Room",lastValue="0",lastDuration="1394947",value="1" 1632482016280801400
example,host=bee12d58b128,topic=telegraf metaData_name="created_at",metaData_value="1632232201814",mediaType="somesensor/Window",bs=1111111111111,siteId="99999999999999",deviceId="18",instanceName="new created Room",lastValue="0",lastDuration="1394947",value="1" 1632482016280801400
example,host=bee12d58b128,topic=telegraf metaData_name="warning",metaData_value="0",mediaType="somesensor/Window",bs=1111111111111,siteId="99999999999999",deviceId="18",instanceName="new created Room",lastValue="0",lastDuration="1394947",value="1" 1632482016280801400
example,host=bee12d58b128,topic=telegraf metaData_name="sysmode",metaData_value="9",mediaType="somesensor/Window",bs=1111111111111,siteId="99999999999999",deviceId="18",instanceName="new created Room",lastValue="0",lastDuration="1394947",value="1" 1632482016280801400
example,host=bee12d58b128,topic=telegraf metaData_name="varfunction",metaData_value="some-window-switch",mediaType="somesensor/Window",bs=1111111111111,siteId="99999999999999",deviceId="18",instanceName="new created Room",lastValue="0",lastDuration="1394947",value="1" 1632482016280801400
example,host=bee12d58b128,topic=telegraf metaData_name="varname",metaData_value="state",mediaType="somesensor/Window",bs=1111111111111,siteId="99999999999999",deviceId="18",instanceName="new created Room",lastValue="0",lastDuration="1394947",value="1" 1632482016280801400
example,host=bee12d58b128,topic=telegraf metaData_name="instance_",metaData_value="new created Room",mediaType="somesensor/Window",bs=1111111111111,siteId="99999999999999",deviceId="18",instanceName="new created Room",lastValue="0",lastDuration="1394947",value="1" 1632482016280801400
example,host=bee12d58b128,topic=telegraf metaData_name="mediatype",metaData_value="some-window-switch/state",mediaType="somesensor/Window",bs=1111111111111,siteId="99999999999999",deviceId="18",instanceName="new created Room",lastValue="0",lastDuration="1394947",value="1" 1632482016280801400
example,host=bee12d58b128,topic=telegraf metaData_name="last_datavalue",metaData_value="0",mediaType="somesensor/Window",bs=1111111111111,siteId="99999999999999",deviceId="18",instanceName="new created Room",lastValue="0",lastDuration="1394947",value="1" 1632482016280801400
example,host=bee12d58b128,topic=telegraf metaData_name="std_units",metaData_value="Open|Closed",mediaType="somesensor/Window",bs=1111111111111,siteId="99999999999999",deviceId="18",instanceName="new created Room",lastValue="0",lastDuration="1394947",value="1" 1632482016280801400
example,host=bee12d58b128,topic=telegraf metaData_name="raw_units",metaData_value="Boolean",mediaType="somesensor/Window",bs=1111111111111,siteId="99999999999999",deviceId="18",instanceName="new created Room",lastValue="0",lastDuration="1394947",value="1" 1632482016280801400
example,host=bee12d58b128,topic=telegraf metaData_name="category",metaData_value="secure",mediaType="somesensor/Window",bs=1111111111111,siteId="99999999999999",deviceId="18",instanceName="new created Room",lastValue="0",lastDuration="1394947",value="1" 1632482016280801400
example,host=bee12d58b128,topic=telegraf metaData_name="encryption",metaData_value="0",mediaType="somesensor/Window",bs=1111111111111,siteId="99999999999999",deviceId="18",instanceName="new created Room",lastValue="0",lastDuration="1394947",value="1" 1632482016280801400
example,host=bee12d58b128,topic=telegraf metaData_name="nw_id",metaData_value="2222222",mediaType="somesensor/Window",bs=1111111111111,siteId="99999999999999",deviceId="18",instanceName="new created Room",lastValue="0",lastDuration="1394947",value="1" 1632482017673298300
example,host=bee12d58b128,topic=telegraf metaData_name="varindex",metaData_value="103",mediaType="somesensor/Window",bs=1111111111111,siteId="99999999999999",deviceId="18",instanceName="new created Room",lastValue="0",lastDuration="1394947",value="1" 1632482017673298300
example,host=bee12d58b128,topic=telegraf metaData_name="datasource",metaData_value=" ",mediaType="somesensor/Window",bs=1111111111111,siteId="99999999999999",deviceId="18",instanceName="new created Room",lastValue="0",lastDuration="1394947",value="1" 1632482017673298300
example,host=bee12d58b128,topic=telegraf metaData_name="datavalue",metaData_value="1",mediaType="somesensor/Window",bs=1111111111111,siteId="99999999999999",deviceId="18",instanceName="new created Room",lastValue="0",lastDuration="1394947",value="1" 1632482017673298300
example,host=bee12d58b128,topic=telegraf metaData_name="created_at",metaData_value="1632232201814",mediaType="somesensor/Window",bs=1111111111111,siteId="99999999999999",deviceId="18",instanceName="new created Room",lastValue="0",lastDuration="1394947",value="1" 1632482017673298300
example,host=bee12d58b128,topic=telegraf metaData_name="warning",metaData_value="0",mediaType="somesensor/Window",bs=1111111111111,siteId="99999999999999",deviceId="18",instanceName="new created Room",lastValue="0",lastDuration="1394947",value="1" 1632482017673298300
example,host=bee12d58b128,topic=telegraf metaData_name="sysmode",metaData_value="9",mediaType="somesensor/Window",bs=1111111111111,siteId="99999999999999",deviceId="18",instanceName="new created Room",lastValue="0",lastDuration="1394947",value="1" 1632482017673298300
example,host=bee12d58b128,topic=telegraf metaData_name="varfunction",metaData_value="some-window-switch",mediaType="somesensor/Window",bs=1111111111111,siteId="99999999999999",deviceId="18",instanceName="new created Room",lastValue="0",lastDuration="1394947",value="1" 1632482017673298300
example,host=bee12d58b128,topic=telegraf metaData_name="varname",metaData_value="state",mediaType="somesensor/Window",bs=1111111111111,siteId="99999999999999",deviceId="18",instanceName="new created Room",lastValue="0",lastDuration="1394947",value="1" 1632482017673298300
example,host=bee12d58b128,topic=telegraf metaData_name="instance_",metaData_value="new created Room",mediaType="somesensor/Window",bs=1111111111111,siteId="99999999999999",deviceId="18",instanceName="new created Room",lastValue="0",lastDuration="1394947",value="1" 1632482017673298300
example,host=bee12d58b128,topic=telegraf metaData_name="mediatype",metaData_value="some-window-switch/state",mediaType="somesensor/Window",bs=1111111111111,siteId="99999999999999",deviceId="18",instanceName="new created Room",lastValue="0",lastDuration="1394947",value="1" 1632482017673298300
example,host=bee12d58b128,topic=telegraf metaData_name="last_datavalue",metaData_value="0",mediaType="somesensor/Window",bs=1111111111111,siteId="99999999999999",deviceId="18",instanceName="new created Room",lastValue="0",lastDuration="1394947",value="1" 1632482017673298300
example,host=bee12d58b128,topic=telegraf metaData_name="std_units",metaData_value="Open|Closed",mediaType="somesensor/Window",bs=1111111111111,siteId="99999999999999",deviceId="18",instanceName="new created Room",lastValue="0",lastDuration="1394947",value="1" 1632482017673298300
example,host=bee12d58b128,topic=telegraf metaData_name="raw_units",metaData_value="Boolean",mediaType="somesensor/Window",bs=1111111111111,siteId="99999999999999",deviceId="18",instanceName="new created Room",lastValue="0",lastDuration="1394947",value="1" 1632482017673298300
example,host=bee12d58b128,topic=telegraf metaData_name="category",metaData_value="secure",mediaType="somesensor/Window",bs=1111111111111,siteId="99999999999999",deviceId="18",instanceName="new created Room",lastValue="0",lastDuration="1394947",value="1" 1632482017673298300
example,host=bee12d58b128,topic=telegraf metaData_name="encryption",metaData_value="0",mediaType="somesensor/Window",bs=1111111111111,siteId="99999999999999",deviceId="18",instanceName="new created Room",lastValue="0",lastDuration="1394947",value="1" 1632482017673298300
example,host=bee12d58b128,topic=telegraf metaData_name="nw_id",metaData_value="2222222",mediaType="somesensor/Window",bs=1111111111111,siteId="99999999999999",deviceId="18",instanceName="new created Room",lastValue="0",lastDuration="1394947",value="1" 1632482018687272200
example,host=bee12d58b128,topic=telegraf metaData_name="varindex",metaData_value="103",mediaType="somesensor/Window",bs=1111111111111,siteId="99999999999999",deviceId="18",instanceName="new created Room",lastValue="0",lastDuration="1394947",value="1" 1632482018687272200
example,host=bee12d58b128,topic=telegraf metaData_name="datasource",metaData_value=" ",mediaType="somesensor/Window",bs=1111111111111,siteId="99999999999999",deviceId="18",instanceName="new created Room",lastValue="0",lastDuration="1394947",value="1" 1632482018687272200
example,host=bee12d58b128,topic=telegraf metaData_name="datavalue",metaData_value="1",mediaType="somesensor/Window",bs=1111111111111,siteId="99999999999999",deviceId="18",instanceName="new created Room",lastValue="0",lastDuration="1394947",value="1" 1632482018687272200
example,host=bee12d58b128,topic=telegraf metaData_name="created_at",metaData_value="1632232201814",mediaType="somesensor/Window",bs=1111111111111,siteId="99999999999999",deviceId="18",instanceName="new created Room",lastValue="0",lastDuration="1394947",value="1" 1632482018687272200
example,host=bee12d58b128,topic=telegraf metaData_name="warning",metaData_value="0",mediaType="somesensor/Window",bs=1111111111111,siteId="99999999999999",deviceId="18",instanceName="new created Room",lastValue="0",lastDuration="1394947",value="1" 1632482018687272200
example,host=bee12d58b128,topic=telegraf metaData_name="sysmode",metaData_value="9",mediaType="somesensor/Window",bs=1111111111111,siteId="99999999999999",deviceId="18",instanceName="new created Room",lastValue="0",lastDuration="1394947",value="1" 1632482018687272200
example,host=bee12d58b128,topic=telegraf metaData_name="varfunction",metaData_value="some-window-switch",mediaType="somesensor/Window",bs=1111111111111,siteId="99999999999999",deviceId="18",instanceName="new created Room",lastValue="0",lastDuration="1394947",value="1" 1632482018687272200
example,host=bee12d58b128,topic=telegraf metaData_name="varname",metaData_value="state",mediaType="somesensor/Window",bs=1111111111111,siteId="99999999999999",deviceId="18",instanceName="new created Room",lastValue="0",lastDuration="1394947",value="1" 1632482018687272200
example,host=bee12d58b128,topic=telegraf metaData_name="instance_",metaData_value="new created Room",mediaType="somesensor/Window",bs=1111111111111,siteId="99999999999999",deviceId="18",instanceName="new created Room",lastValue="0",lastDuration="1394947",value="1" 1632482018687272200
example,host=bee12d58b128,topic=telegraf metaData_name="mediatype",metaData_value="some-window-switch/state",mediaType="somesensor/Window",bs=1111111111111,siteId="99999999999999",deviceId="18",instanceName="new created Room",lastValue="0",lastDuration="1394947",value="1" 1632482018687272200
example,host=bee12d58b128,topic=telegraf metaData_name="last_datavalue",metaData_value="0",mediaType="somesensor/Window",bs=1111111111111,siteId="99999999999999",deviceId="18",instanceName="new created Room",lastValue="0",lastDuration="1394947",value="1" 1632482018687272200
example,host=bee12d58b128,topic=telegraf metaData_name="std_units",metaData_value="Open|Closed",mediaType="somesensor/Window",bs=1111111111111,siteId="99999999999999",deviceId="18",instanceName="new created Room",lastValue="0",lastDuration="1394947",value="1" 1632482018687272200
example,host=bee12d58b128,topic=telegraf metaData_name="raw_units",metaData_value="Boolean",mediaType="somesensor/Window",bs=1111111111111,siteId="99999999999999",deviceId="18",instanceName="new created Room",lastValue="0",lastDuration="1394947",value="1" 1632482018687272200
example,host=bee12d58b128,topic=telegraf metaData_name="category",metaData_value="secure",mediaType="somesensor/Window",bs=1111111111111,siteId="99999999999999",deviceId="18",instanceName="new created Room",lastValue="0",lastDuration="1394947",value="1" 1632482018687272200
example,host=bee12d58b128,topic=telegraf metaData_name="encryption",metaData_value="0",mediaType="somesensor/Window",bs=1111111111111,siteId="99999999999999",deviceId="18",instanceName="new created Room",lastValue="0",lastDuration="1394947",value="1" 1632482018687272200
example,host=bee12d58b128,topic=telegraf metaData_name="nw_id",metaData_value="2222222",mediaType="somesensor/Window",bs=1111111111111,siteId="99999999999999",deviceId="18",instanceName="new created Room",lastValue="0",lastDuration="1394947",value="1" 1632482019422272600
example,host=bee12d58b128,topic=telegraf metaData_name="varindex",metaData_value="103",mediaType="somesensor/Window",bs=1111111111111,siteId="99999999999999",deviceId="18",instanceName="new created Room",lastValue="0",lastDuration="1394947",value="1" 1632482019422272600
example,host=bee12d58b128,topic=telegraf metaData_name="datasource",metaData_value=" ",mediaType="somesensor/Window",bs=1111111111111,siteId="99999999999999",deviceId="18",instanceName="new created Room",lastValue="0",lastDuration="1394947",value="1" 1632482019422272600
example,host=bee12d58b128,topic=telegraf metaData_name="datavalue",metaData_value="1",mediaType="somesensor/Window",bs=1111111111111,siteId="99999999999999",deviceId="18",instanceName="new created Room",lastValue="0",lastDuration="1394947",value="1" 1632482019422272600
example,host=bee12d58b128,topic=telegraf metaData_name="created_at",metaData_value="1632232201814",mediaType="somesensor/Window",bs=1111111111111,siteId="99999999999999",deviceId="18",instanceName="new created Room",lastValue="0",lastDuration="1394947",value="1" 1632482019422272600
example,host=bee12d58b128,topic=telegraf metaData_name="warning",metaData_value="0",mediaType="somesensor/Window",bs=1111111111111,siteId="99999999999999",deviceId="18",instanceName="new created Room",lastValue="0",lastDuration="1394947",value="1" 1632482019422272600
example,host=bee12d58b128,topic=telegraf metaData_name="sysmode",metaData_value="9",mediaType="somesensor/Window",bs=1111111111111,siteId="99999999999999",deviceId="18",instanceName="new created Room",lastValue="0",lastDuration="1394947",value="1" 1632482019422272600
example,host=bee12d58b128,topic=telegraf metaData_name="varfunction",metaData_value="some-window-switch",mediaType="somesensor/Window",bs=1111111111111,siteId="99999999999999",deviceId="18",instanceName="new created Room",lastValue="0",lastDuration="1394947",value="1" 1632482019422272600
example,host=bee12d58b128,topic=telegraf metaData_name="varname",metaData_value="state",mediaType="somesensor/Window",bs=1111111111111,siteId="99999999999999",deviceId="18",instanceName="new created Room",lastValue="0",lastDuration="1394947",value="1" 1632482019422272600
example,host=bee12d58b128,topic=telegraf metaData_name="instance_",metaData_value="new created Room",mediaType="somesensor/Window",bs=1111111111111,siteId="99999999999999",deviceId="18",instanceName="new created Room",lastValue="0",lastDuration="1394947",value="1" 1632482019422272600
example,host=bee12d58b128,topic=telegraf metaData_name="mediatype",metaData_value="some-window-switch/state",mediaType="somesensor/Window",bs=1111111111111,siteId="99999999999999",deviceId="18",instanceName="new created Room",lastValue="0",lastDuration="1394947",value="1" 1632482019422272600
example,host=bee12d58b128,topic=telegraf metaData_name="last_datavalue",metaData_value="0",mediaType="somesensor/Window",bs=1111111111111,siteId="99999999999999",deviceId="18",instanceName="new created Room",lastValue="0",lastDuration="1394947",value="1" 1632482019422272600
example,host=bee12d58b128,topic=telegraf metaData_name="std_units",metaData_value="Open|Closed",mediaType="somesensor/Window",bs=1111111111111,siteId="99999999999999",deviceId="18",instanceName="new created Room",lastValue="0",lastDuration="1394947",value="1" 1632482019422272600
example,host=bee12d58b128,topic=telegraf metaData_name="raw_units",metaData_value="Boolean",mediaType="somesensor/Window",bs=1111111111111,siteId="99999999999999",deviceId="18",instanceName="new created Room",lastValue="0",lastDuration="1394947",value="1" 1632482019422272600
example,host=bee12d58b128,topic=telegraf metaData_name="category",metaData_value="secure",mediaType="somesensor/Window",bs=1111111111111,siteId="99999999999999",deviceId="18",instanceName="new created Room",lastValue="0",lastDuration="1394947",value="1" 1632482019422272600
example,host=bee12d58b128,topic=telegraf metaData_name="encryption",metaData_value="0",mediaType="somesensor/Window",bs=1111111111111,siteId="99999999999999",deviceId="18",instanceName="new created Room",lastValue="0",lastDuration="1394947",value="1" 1632482019422272600
example,host=bee12d58b128,topic=telegraf metaData_name="nw_id",metaData_value="2222222",mediaType="somesensor/Window",bs=1111111111111,siteId="99999999999999",deviceId="18",instanceName="new created Room",lastValue="0",lastDuration="1394947",value="1" 1632482019621739000
example,host=bee12d58b128,topic=telegraf metaData_name="varindex",metaData_value="103",mediaType="somesensor/Window",bs=1111111111111,siteId="99999999999999",deviceId="18",instanceName="new created Room",lastValue="0",lastDuration="1394947",value="1" 1632482019621739000
example,host=bee12d58b128,topic=telegraf metaData_name="datasource",metaData_value=" ",mediaType="somesensor/Window",bs=1111111111111,siteId="99999999999999",deviceId="18",instanceName="new created Room",lastValue="0",lastDuration="1394947",value="1" 1632482019621739000
example,host=bee12d58b128,topic=telegraf metaData_name="datavalue",metaData_value="1",mediaType="somesensor/Window",bs=1111111111111,siteId="99999999999999",deviceId="18",instanceName="new created Room",lastValue="0",lastDuration="1394947",value="1" 1632482019621739000
example,host=bee12d58b128,topic=telegraf metaData_name="created_at",metaData_value="1632232201814",mediaType="somesensor/Window",bs=1111111111111,siteId="99999999999999",deviceId="18",instanceName="new created Room",lastValue="0",lastDuration="1394947",value="1" 1632482019621739000
example,host=bee12d58b128,topic=telegraf metaData_name="warning",metaData_value="0",mediaType="somesensor/Window",bs=1111111111111,siteId="99999999999999",deviceId="18",instanceName="new created Room",lastValue="0",lastDuration="1394947",value="1" 1632482019621739000
example,host=bee12d58b128,topic=telegraf metaData_name="sysmode",metaData_value="9",mediaType="somesensor/Window",bs=1111111111111,siteId="99999999999999",deviceId="18",instanceName="new created Room",lastValue="0",lastDuration="1394947",value="1" 1632482019621739000
example,host=bee12d58b128,topic=telegraf metaData_name="varfunction",metaData_value="some-window-switch",mediaType="somesensor/Window",bs=1111111111111,siteId="99999999999999",deviceId="18",instanceName="new created Room",lastValue="0",lastDuration="1394947",value="1" 1632482019621739000
example,host=bee12d58b128,topic=telegraf metaData_name="varname",metaData_value="state",mediaType="somesensor/Window",bs=1111111111111,siteId="99999999999999",deviceId="18",instanceName="new created Room",lastValue="0",lastDuration="1394947",value="1" 1632482019621739000
example,host=bee12d58b128,topic=telegraf metaData_name="instance_",metaData_value="new created Room",mediaType="somesensor/Window",bs=1111111111111,siteId="99999999999999",deviceId="18",instanceName="new created Room",lastValue="0",lastDuration="1394947",value="1" 1632482019621739000
example,host=bee12d58b128,topic=telegraf metaData_name="mediatype",metaData_value="some-window-switch/state",mediaType="somesensor/Window",bs=1111111111111,siteId="99999999999999",deviceId="18",instanceName="new created Room",lastValue="0",lastDuration="1394947",value="1" 1632482019621739000
example,host=bee12d58b128,topic=telegraf metaData_name="last_datavalue",metaData_value="0",mediaType="somesensor/Window",bs=1111111111111,siteId="99999999999999",deviceId="18",instanceName="new created Room",lastValue="0",lastDuration="1394947",value="1" 1632482019621739000
example,host=bee12d58b128,topic=telegraf metaData_name="std_units",metaData_value="Open|Closed",mediaType="somesensor/Window",bs=1111111111111,siteId="99999999999999",deviceId="18",instanceName="new created Room",lastValue="0",lastDuration="1394947",value="1" 1632482019621739000
example,host=bee12d58b128,topic=telegraf metaData_name="raw_units",metaData_value="Boolean",mediaType="somesensor/Window",bs=1111111111111,siteId="99999999999999",deviceId="18",instanceName="new created Room",lastValue="0",lastDuration="1394947",value="1" 1632482019621739000
example,host=bee12d58b128,topic=telegraf metaData_name="category",metaData_value="secure",mediaType="somesensor/Window",bs=1111111111111,siteId="99999999999999",deviceId="18",instanceName="new created Room",lastValue="0",lastDuration="1394947",value="1" 1632482019621739000
example,host=bee12d58b128,topic=telegraf metaData_name="encryption",metaData_value="0",mediaType="somesensor/Window",bs=1111111111111,siteId="99999999999999",deviceId="18",instanceName="new created Room",lastValue="0",lastDuration="1394947",value="1" 1632482019621739000
example,host=bee12d58b128,topic=telegraf metaData_name="nw_id",metaData_value="2222222",mediaType="somesensor/Window",bs=1111111111111,siteId="99999999999999",deviceId="18",instanceName="new created Room",lastValue="0",lastDuration="1394947",value="1" 1632482019804850500
example,host=bee12d58b128,topic=telegraf metaData_name="varindex",metaData_value="103",mediaType="somesensor/Window",bs=1111111111111,siteId="99999999999999",deviceId="18",instanceName="new created Room",lastValue="0",lastDuration="1394947",value="1" 1632482019804850500
example,host=bee12d58b128,topic=telegraf metaData_name="datasource",metaData_value=" ",mediaType="somesensor/Window",bs=1111111111111,siteId="99999999999999",deviceId="18",instanceName="new created Room",lastValue="0",lastDuration="1394947",value="1" 1632482019804850500
example,host=bee12d58b128,topic=telegraf metaData_name="datavalue",metaData_value="1",mediaType="somesensor/Window",bs=1111111111111,siteId="99999999999999",deviceId="18",instanceName="new created Room",lastValue="0",lastDuration="1394947",value="1" 1632482019804850500
example,host=bee12d58b128,topic=telegraf metaData_name="created_at",metaData_value="1632232201814",mediaType="somesensor/Window",bs=1111111111111,siteId="99999999999999",deviceId="18",instanceName="new created Room",lastValue="0",lastDuration="1394947",value="1" 1632482019804850500
example,host=bee12d58b128,topic=telegraf metaData_name="warning",metaData_value="0",mediaType="somesensor/Window",bs=1111111111111,siteId="99999999999999",deviceId="18",instanceName="new created Room",lastValue="0",lastDuration="1394947",value="1" 1632482019804850500
example,host=bee12d58b128,topic=telegraf metaData_name="sysmode",metaData_value="9",mediaType="somesensor/Window",bs=1111111111111,siteId="99999999999999",deviceId="18",instanceName="new created Room",lastValue="0",lastDuration="1394947",value="1" 1632482019804850500
example,host=bee12d58b128,topic=telegraf metaData_name="varfunction",metaData_value="some-window-switch",mediaType="somesensor/Window",bs=1111111111111,siteId="99999999999999",deviceId="18",instanceName="new created Room",lastValue="0",lastDuration="1394947",value="1" 1632482019804850500
example,host=bee12d58b128,topic=telegraf metaData_name="varname",metaData_value="state",mediaType="somesensor/Window",bs=1111111111111,siteId="99999999999999",deviceId="18",instanceName="new created Room",lastValue="0",lastDuration="1394947",value="1" 1632482019804850500
example,host=bee12d58b128,topic=telegraf metaData_name="instance_",metaData_value="new created Room",mediaType="somesensor/Window",bs=1111111111111,siteId="99999999999999",deviceId="18",instanceName="new created Room",lastValue="0",lastDuration="1394947",value="1" 1632482019804850500
example,host=bee12d58b128,topic=telegraf metaData_name="mediatype",metaData_value="some-window-switch/state",mediaType="somesensor/Window",bs=1111111111111,siteId="99999999999999",deviceId="18",instanceName="new created Room",lastValue="0",lastDuration="1394947",value="1" 1632482019804850500
example,host=bee12d58b128,topic=telegraf metaData_name="last_datavalue",metaData_value="0",mediaType="somesensor/Window",bs=1111111111111,siteId="99999999999999",deviceId="18",instanceName="new created Room",lastValue="0",lastDuration="1394947",value="1" 1632482019804850500
example,host=bee12d58b128,topic=telegraf metaData_name="std_units",metaData_value="Open|Closed",mediaType="somesensor/Window",bs=1111111111111,siteId="99999999999999",deviceId="18",instanceName="new created Room",lastValue="0",lastDuration="1394947",value="1" 1632482019804850500
example,host=bee12d58b128,topic=telegraf metaData_name="raw_units",metaData_value="Boolean",mediaType="somesensor/Window",bs=1111111111111,siteId="99999999999999",deviceId="18",instanceName="new created Room",lastValue="0",lastDuration="1394947",value="1" 1632482019804850500
example,host=bee12d58b128,topic=telegraf metaData_name="category",metaData_value="secure",mediaType="somesensor/Window",bs=1111111111111,siteId="99999999999999",deviceId="18",instanceName="new created Room",lastValue="0",lastDuration="1394947",value="1" 1632482019804850500
example,host=bee12d58b128,topic=telegraf metaData_name="encryption",metaData_value="0",mediaType="somesensor/Window",bs=1111111111111,siteId="99999999999999",deviceId="18",instanceName="new created Room",lastValue="0",lastDuration="1394947",value="1" 1632482019804850500
example,host=bee12d58b128,topic=telegraf metaData_name="nw_id",metaData_value="2222222",mediaType="somesensor/Window",bs=1111111111111,siteId="99999999999999",deviceId="18",instanceName="new created Room",lastValue="0",lastDuration="1394947",value="1" 1632482019952829400
example,host=bee12d58b128,topic=telegraf metaData_name="varindex",metaData_value="103",mediaType="somesensor/Window",bs=1111111111111,siteId="99999999999999",deviceId="18",instanceName="new created Room",lastValue="0",lastDuration="1394947",value="1" 1632482019952829400
example,host=bee12d58b128,topic=telegraf metaData_name="datasource",metaData_value=" ",mediaType="somesensor/Window",bs=1111111111111,siteId="99999999999999",deviceId="18",instanceName="new created Room",lastValue="0",lastDuration="1394947",value="1" 1632482019952829400
example,host=bee12d58b128,topic=telegraf metaData_name="datavalue",metaData_value="1",mediaType="somesensor/Window",bs=1111111111111,siteId="99999999999999",deviceId="18",instanceName="new created Room",lastValue="0",lastDuration="1394947",value="1" 1632482019952829400
example,host=bee12d58b128,topic=telegraf metaData_name="created_at",metaData_value="1632232201814",mediaType="somesensor/Window",bs=1111111111111,siteId="99999999999999",deviceId="18",instanceName="new created Room",lastValue="0",lastDuration="1394947",value="1" 1632482019952829400
example,host=bee12d58b128,topic=telegraf metaData_name="warning",metaData_value="0",mediaType="somesensor/Window",bs=1111111111111,siteId="99999999999999",deviceId="18",instanceName="new created Room",lastValue="0",lastDuration="1394947",value="1" 1632482019952829400
example,host=bee12d58b128,topic=telegraf metaData_name="sysmode",metaData_value="9",mediaType="somesensor/Window",bs=1111111111111,siteId="99999999999999",deviceId="18",instanceName="new created Room",lastValue="0",lastDuration="1394947",value="1" 1632482019952829400
example,host=bee12d58b128,topic=telegraf metaData_name="varfunction",metaData_value="some-window-switch",mediaType="somesensor/Window",bs=1111111111111,siteId="99999999999999",deviceId="18",instanceName="new created Room",lastValue="0",lastDuration="1394947",value="1" 1632482019952829400
example,host=bee12d58b128,topic=telegraf metaData_name="varname",metaData_value="state",mediaType="somesensor/Window",bs=1111111111111,siteId="99999999999999",deviceId="18",instanceName="new created Room",lastValue="0",lastDuration="1394947",value="1" 1632482019952829400
example,host=bee12d58b128,topic=telegraf metaData_name="instance_",metaData_value="new created Room",mediaType="somesensor/Window",bs=1111111111111,siteId="99999999999999",deviceId="18",instanceName="new created Room",lastValue="0",lastDuration="1394947",value="1" 1632482019952829400
example,host=bee12d58b128,topic=telegraf metaData_name="mediatype",metaData_value="some-window-switch/state",mediaType="somesensor/Window",bs=1111111111111,siteId="99999999999999",deviceId="18",instanceName="new created Room",lastValue="0",lastDuration="1394947",value="1" 1632482019952829400
example,host=bee12d58b128,topic=telegraf metaData_name="last_datavalue",metaData_value="0",mediaType="somesensor/Window",bs=1111111111111,siteId="99999999999999",deviceId="18",instanceName="new created Room",lastValue="0",lastDuration="1394947",value="1" 1632482019952829400
example,host=bee12d58b128,topic=telegraf metaData_name="std_units",metaData_value="Open|Closed",mediaType="somesensor/Window",bs=1111111111111,siteId="99999999999999",deviceId="18",instanceName="new created Room",lastValue="0",lastDuration="1394947",value="1" 1632482019952829400
example,host=bee12d58b128,topic=telegraf metaData_name="raw_units",metaData_value="Boolean",mediaType="somesensor/Window",bs=1111111111111,siteId="99999999999999",deviceId="18",instanceName="new created Room",lastValue="0",lastDuration="1394947",value="1" 1632482019952829400
example,host=bee12d58b128,topic=telegraf metaData_name="category",metaData_value="secure",mediaType="somesensor/Window",bs=1111111111111,siteId="99999999999999",deviceId="18",instanceName="new created Room",lastValue="0",lastDuration="1394947",value="1" 1632482019952829400
example,host=bee12d58b128,topic=telegraf metaData_name="encryption",metaData_value="0",mediaType="somesensor/Window",bs=1111111111111,siteId="99999999999999",deviceId="18",instanceName="new created Room",lastValue="0",lastDuration="1394947",value="1" 1632482019952829400
example,host=bee12d58b128,topic=telegraf metaData_name="nw_id",metaData_value="2222222",mediaType="somesensor/Window",bs=1111111111111,siteId="99999999999999",deviceId="18",instanceName="new created Room",lastValue="0",lastDuration="1394947",value="1" 1632482020105748700
example,host=bee12d58b128,topic=telegraf metaData_name="varindex",metaData_value="103",mediaType="somesensor/Window",bs=1111111111111,siteId="99999999999999",deviceId="18",instanceName="new created Room",lastValue="0",lastDuration="1394947",value="1" 1632482020105748700
example,host=bee12d58b128,topic=telegraf metaData_name="datasource",metaData_value=" ",mediaType="somesensor/Window",bs=1111111111111,siteId="99999999999999",deviceId="18",instanceName="new created Room",lastValue="0",lastDuration="1394947",value="1" 1632482020105748700
example,host=bee12d58b128,topic=telegraf metaData_name="datavalue",metaData_value="1",mediaType="somesensor/Window",bs=1111111111111,siteId="99999999999999",deviceId="18",instanceName="new created Room",lastValue="0",lastDuration="1394947",value="1" 1632482020105748700
example,host=bee12d58b128,topic=telegraf metaData_name="created_at",metaData_value="1632232201814",mediaType="somesensor/Window",bs=1111111111111,siteId="99999999999999",deviceId="18",instanceName="new created Room",lastValue="0",lastDuration="1394947",value="1" 1632482020105748700
example,host=bee12d58b128,topic=telegraf metaData_name="warning",metaData_value="0",mediaType="somesensor/Window",bs=1111111111111,siteId="99999999999999",deviceId="18",instanceName="new created Room",lastValue="0",lastDuration="1394947",value="1" 1632482020105748700
example,host=bee12d58b128,topic=telegraf metaData_name="sysmode",metaData_value="9",mediaType="somesensor/Window",bs=1111111111111,siteId="99999999999999",deviceId="18",instanceName="new created Room",lastValue="0",lastDuration="1394947",value="1" 1632482020105748700
example,host=bee12d58b128,topic=telegraf metaData_name="varfunction",metaData_value="some-window-switch",mediaType="somesensor/Window",bs=1111111111111,siteId="99999999999999",deviceId="18",instanceName="new created Room",lastValue="0",lastDuration="1394947",value="1" 1632482020105748700
example,host=bee12d58b128,topic=telegraf metaData_name="varname",metaData_value="state",mediaType="somesensor/Window",bs=1111111111111,siteId="99999999999999",deviceId="18",instanceName="new created Room",lastValue="0",lastDuration="1394947",value="1" 1632482020105748700
example,host=bee12d58b128,topic=telegraf metaData_name="instance_",metaData_value="new created Room",mediaType="somesensor/Window",bs=1111111111111,siteId="99999999999999",deviceId="18",instanceName="new created Room",lastValue="0",lastDuration="1394947",value="1" 1632482020105748700
example,host=bee12d58b128,topic=telegraf metaData_name="mediatype",metaData_value="some-window-switch/state",mediaType="somesensor/Window",bs=1111111111111,siteId="99999999999999",deviceId="18",instanceName="new created Room",lastValue="0",lastDuration="1394947",value="1" 1632482020105748700
example,host=bee12d58b128,topic=telegraf metaData_name="last_datavalue",metaData_value="0",mediaType="somesensor/Window",bs=1111111111111,siteId="99999999999999",deviceId="18",instanceName="new created Room",lastValue="0",lastDuration="1394947",value="1" 1632482020105748700
example,host=bee12d58b128,topic=telegraf metaData_name="std_units",metaData_value="Open|Closed",mediaType="somesensor/Window",bs=1111111111111,siteId="99999999999999",deviceId="18",instanceName="new created Room",lastValue="0",lastDuration="1394947",value="1" 1632482020105748700
example,host=bee12d58b128,topic=telegraf metaData_name="raw_units",metaData_value="Boolean",mediaType="somesensor/Window",bs=1111111111111,siteId="99999999999999",deviceId="18",instanceName="new created Room",lastValue="0",lastDuration="1394947",value="1" 1632482020105748700
example,host=bee12d58b128,topic=telegraf metaData_name="category",metaData_value="secure",mediaType="somesensor/Window",bs=1111111111111,siteId="99999999999999",deviceId="18",instanceName="new created Room",lastValue="0",lastDuration="1394947",value="1" 1632482020105748700
example,host=bee12d58b128,topic=telegraf metaData_name="encryption",metaData_value="0",mediaType="somesensor/Window",bs=1111111111111,siteId="99999999999999",deviceId="18",instanceName="new created Room",lastValue="0",lastDuration="1394947",value="1" 1632482020105748700
example,host=bee12d58b128,topic=telegraf metaData_name="nw_id",metaData_value="2222222",mediaType="somesensor/Window",bs=1111111111111,siteId="99999999999999",deviceId="18",instanceName="new created Room",lastValue="0",lastDuration="1394947",value="1" 1632482020274749300
example,host=bee12d58b128,topic=telegraf metaData_name="varindex",metaData_value="103",mediaType="somesensor/Window",bs=1111111111111,siteId="99999999999999",deviceId="18",instanceName="new created Room",lastValue="0",lastDuration="1394947",value="1" 1632482020274749300
example,host=bee12d58b128,topic=telegraf metaData_name="datasource",metaData_value=" ",mediaType="somesensor/Window",bs=1111111111111,siteId="99999999999999",deviceId="18",instanceName="new created Room",lastValue="0",lastDuration="1394947",value="1" 1632482020274749300
example,host=bee12d58b128,topic=telegraf metaData_name="datavalue",metaData_value="1",mediaType="somesensor/Window",bs=1111111111111,siteId="99999999999999",deviceId="18",instanceName="new created Room",lastValue="0",lastDuration="1394947",value="1" 1632482020274749300
example,host=bee12d58b128,topic=telegraf metaData_name="created_at",metaData_value="1632232201814",mediaType="somesensor/Window",bs=1111111111111,siteId="99999999999999",deviceId="18",instanceName="new created Room",lastValue="0",lastDuration="1394947",value="1" 1632482020274749300
example,host=bee12d58b128,topic=telegraf metaData_name="warning",metaData_value="0",mediaType="somesensor/Window",bs=1111111111111,siteId="99999999999999",deviceId="18",instanceName="new created Room",lastValue="0",lastDuration="1394947",value="1" 1632482020274749300
example,host=bee12d58b128,topic=telegraf metaData_name="sysmode",metaData_value="9",mediaType="somesensor/Window",bs=1111111111111,siteId="99999999999999",deviceId="18",instanceName="new created Room",lastValue="0",lastDuration="1394947",value="1" 1632482020274749300
example,host=bee12d58b128,topic=telegraf metaData_name="varfunction",metaData_value="some-window-switch",mediaType="somesensor/Window",bs=1111111111111,siteId="99999999999999",deviceId="18",instanceName="new created Room",lastValue="0",lastDuration="1394947",value="1" 1632482020274749300
example,host=bee12d58b128,topic=telegraf metaData_name="varname",metaData_value="state",mediaType="somesensor/Window",bs=1111111111111,siteId="99999999999999",deviceId="18",instanceName="new created Room",lastValue="0",lastDuration="1394947",value="1" 1632482020274749300
example,host=bee12d58b128,topic=telegraf metaData_name="instance_",metaData_value="new created Room",mediaType="somesensor/Window",bs=1111111111111,siteId="99999999999999",deviceId="18",instanceName="new created Room",lastValue="0",lastDuration="1394947",value="1" 1632482020274749300
example,host=bee12d58b128,topic=telegraf metaData_name="mediatype",metaData_value="some-window-switch/state",mediaType="somesensor/Window",bs=1111111111111,siteId="99999999999999",deviceId="18",instanceName="new created Room",lastValue="0",lastDuration="1394947",value="1" 1632482020274749300
example,host=bee12d58b128,topic=telegraf metaData_name="last_datavalue",metaData_value="0",mediaType="somesensor/Window",bs=1111111111111,siteId="99999999999999",deviceId="18",instanceName="new created Room",lastValue="0",lastDuration="1394947",value="1" 1632482020274749300
example,host=bee12d58b128,topic=telegraf metaData_name="std_units",metaData_value="Open|Closed",mediaType="somesensor/Window",bs=1111111111111,siteId="99999999999999",deviceId="18",instanceName="new created Room",lastValue="0",lastDuration="1394947",value="1" 1632482020274749300
example,host=bee12d58b128,topic=telegraf metaData_name="raw_units",metaData_value="Boolean",mediaType="somesensor/Window",bs=1111111111111,siteId="99999999999999",deviceId="18",instanceName="new created Room",lastValue="0",lastDuration="1394947",value="1" 1632482020274749300
example,host=bee12d58b128,topic=telegraf metaData_name="category",metaData_value="secure",mediaType="somesensor/Window",bs=1111111111111,siteId="99999999999999",deviceId="18",instanceName="new created Room",lastValue="0",lastDuration="1394947",value="1" 1632482020274749300
example,host=bee12d58b128,topic=telegraf metaData_name="encryption",metaData_value="0",mediaType="somesensor/Window",bs=1111111111111,siteId="99999999999999",deviceId="18",instanceName="new created Room",lastValue="0",lastDuration="1394947",value="1" 1632482020274749300
example,host=bee12d58b128,topic=telegraf metaData_name="nw_id",metaData_value="2222222",mediaType="somesensor/Window",bs=1111111111111,siteId="99999999999999",deviceId="18",instanceName="new created Room",lastValue="0",lastDuration="1394947",value="1" 1632482021201489100
example,host=bee12d58b128,topic=telegraf metaData_name="varindex",metaData_value="103",mediaType="somesensor/Window",bs=1111111111111,siteId="99999999999999",deviceId="18",instanceName="new created Room",lastValue="0",lastDuration="1394947",value="1" 1632482021201489100
example,host=bee12d58b128,topic=telegraf metaData_name="datasource",metaData_value=" ",mediaType="somesensor/Window",bs=1111111111111,siteId="99999999999999",deviceId="18",instanceName="new created Room",lastValue="0",lastDuration="1394947",value="1" 1632482021201489100
example,host=bee12d58b128,topic=telegraf metaData_name="datavalue",metaData_value="1",mediaType="somesensor/Window",bs=1111111111111,siteId="99999999999999",deviceId="18",instanceName="new created Room",lastValue="0",lastDuration="1394947",value="1" 1632482021201489100
example,host=bee12d58b128,topic=telegraf metaData_name="created_at",metaData_value="1632232201814",mediaType="somesensor/Window",bs=1111111111111,siteId="99999999999999",deviceId="18",instanceName="new created Room",lastValue="0",lastDuration="1394947",value="1" 1632482021201489100
example,host=bee12d58b128,topic=telegraf metaData_name="warning",metaData_value="0",mediaType="somesensor/Window",bs=1111111111111,siteId="99999999999999",deviceId="18",instanceName="new created Room",lastValue="0",lastDuration="1394947",value="1" 1632482021201489100
example,host=bee12d58b128,topic=telegraf metaData_name="sysmode",metaData_value="9",mediaType="somesensor/Window",bs=1111111111111,siteId="99999999999999",deviceId="18",instanceName="new created Room",lastValue="0",lastDuration="1394947",value="1" 1632482021201489100
example,host=bee12d58b128,topic=telegraf metaData_name="varfunction",metaData_value="some-window-switch",mediaType="somesensor/Window",bs=1111111111111,siteId="99999999999999",deviceId="18",instanceName="new created Room",lastValue="0",lastDuration="1394947",value="1" 1632482021201489100
example,host=bee12d58b128,topic=telegraf metaData_name="varname",metaData_value="state",mediaType="somesensor/Window",bs=1111111111111,siteId="99999999999999",deviceId="18",instanceName="new created Room",lastValue="0",lastDuration="1394947",value="1" 1632482021201489100
example,host=bee12d58b128,topic=telegraf metaData_name="instance_",metaData_value="new created Room",mediaType="somesensor/Window",bs=1111111111111,siteId="99999999999999",deviceId="18",instanceName="new created Room",lastValue="0",lastDuration="1394947",value="1" 1632482021201489100
example,host=bee12d58b128,topic=telegraf metaData_name="mediatype",metaData_value="some-window-switch/state",mediaType="somesensor/Window",bs=1111111111111,siteId="99999999999999",deviceId="18",instanceName="new created Room",lastValue="0",lastDuration="1394947",value="1" 1632482021201489100
example,host=bee12d58b128,topic=telegraf metaData_name="last_datavalue",metaData_value="0",mediaType="somesensor/Window",bs=1111111111111,siteId="99999999999999",deviceId="18",instanceName="new created Room",lastValue="0",lastDuration="1394947",value="1" 1632482021201489100
example,host=bee12d58b128,topic=telegraf metaData_name="std_units",metaData_value="Open|Closed",mediaType="somesensor/Window",bs=1111111111111,siteId="99999999999999",deviceId="18",instanceName="new created Room",lastValue="0",lastDuration="1394947",value="1" 1632482021201489100
example,host=bee12d58b128,topic=telegraf metaData_name="raw_units",metaData_value="Boolean",mediaType="somesensor/Window",bs=1111111111111,siteId="99999999999999",deviceId="18",instanceName="new created Room",lastValue="0",lastDuration="1394947",value="1" 1632482021201489100
example,host=bee12d58b128,topic=telegraf metaData_name="category",metaData_value="secure",mediaType="somesensor/Window",bs=1111111111111,siteId="99999999999999",deviceId="18",instanceName="new created Room",lastValue="0",lastDuration="1394947",value="1" 1632482021201489100
example,host=bee12d58b128,topic=telegraf metaData_name="encryption",metaData_value="0",mediaType="somesensor/Window",bs=1111111111111,siteId="99999999999999",deviceId="18",instanceName="new created Room",lastValue="0",lastDuration="1394947",value="1" 1632482021201489100
example,host=bee12d58b128,topic=telegraf metaData_name="nw_id",metaData_value="2222222",mediaType="somesensor/Window",bs=1111111111111,siteId="99999999999999",deviceId="18",instanceName="new created Room",lastValue="0",lastDuration="1394947",value="1" 1632482077487894400
example,host=bee12d58b128,topic=telegraf metaData_name="varindex",metaData_value="103",mediaType="somesensor/Window",bs=1111111111111,siteId="99999999999999",deviceId="18",instanceName="new created Room",lastValue="0",lastDuration="1394947",value="1" 1632482077487894400
example,host=bee12d58b128,topic=telegraf metaData_name="datasource",metaData_value=" ",mediaType="somesensor/Window",bs=1111111111111,siteId="99999999999999",deviceId="18",instanceName="new created Room",lastValue="0",lastDuration="1394947",value="1" 1632482077487894400
example,host=bee12d58b128,topic=telegraf metaData_name="datavalue",metaData_value="1",mediaType="somesensor/Window",bs=1111111111111,siteId="99999999999999",deviceId="18",instanceName="new created Room",lastValue="0",lastDuration="1394947",value="1" 1632482077487894400
example,host=bee12d58b128,topic=telegraf metaData_name="created_at",metaData_value="1632232201814",mediaType="somesensor/Window",bs=1111111111111,siteId="99999999999999",deviceId="18",instanceName="new created Room",lastValue="0",lastDuration="1394947",value="1" 1632482077487894400
example,host=bee12d58b128,topic=telegraf metaData_name="warning",metaData_value="0",mediaType="somesensor/Window",bs=1111111111111,siteId="99999999999999",deviceId="18",instanceName="new created Room",lastValue="0",lastDuration="1394947",value="1" 1632482077487894400
example,host=bee12d58b128,topic=telegraf metaData_name="sysmode",metaData_value="9",mediaType="somesensor/Window",bs=1111111111111,siteId="99999999999999",deviceId="18",instanceName="new created Room",lastValue="0",lastDuration="1394947",value="1" 1632482077487894400
example,host=bee12d58b128,topic=telegraf metaData_name="varfunction",metaData_value="some-window-switch",mediaType="somesensor/Window",bs=1111111111111,siteId="99999999999999",deviceId="18",instanceName="new created Room",lastValue="0",lastDuration="1394947",value="1" 1632482077487894400
example,host=bee12d58b128,topic=telegraf metaData_name="varname",metaData_value="state",mediaType="somesensor/Window",bs=1111111111111,siteId="99999999999999",deviceId="18",instanceName="new created Room",lastValue="0",lastDuration="1394947",value="1" 1632482077487894400
example,host=bee12d58b128,topic=telegraf metaData_name="instance_",metaData_value="new created Room",mediaType="somesensor/Window",bs=1111111111111,siteId="99999999999999",deviceId="18",instanceName="new created Room",lastValue="0",lastDuration="1394947",value="1" 1632482077487894400
example,host=bee12d58b128,topic=telegraf metaData_name="mediatype",metaData_value="some-window-switch/state",mediaType="somesensor/Window",bs=1111111111111,siteId="99999999999999",deviceId="18",instanceName="new created Room",lastValue="0",lastDuration="1394947",value="1" 1632482077487894400
example,host=bee12d58b128,topic=telegraf metaData_name="last_datavalue",metaData_value="0",mediaType="somesensor/Window",bs=1111111111111,siteId="99999999999999",deviceId="18",instanceName="new created Room",lastValue="0",lastDuration="1394947",value="1" 1632482077487894400
example,host=bee12d58b128,topic=telegraf metaData_name="std_units",metaData_value="Open|Closed",mediaType="somesensor/Window",bs=1111111111111,siteId="99999999999999",deviceId="18",instanceName="new created Room",lastValue="0",lastDuration="1394947",value="1" 1632482077487894400
example,host=bee12d58b128,topic=telegraf metaData_name="raw_units",metaData_value="Boolean",mediaType="somesensor/Window",bs=1111111111111,siteId="99999999999999",deviceId="18",instanceName="new created Room",lastValue="0",lastDuration="1394947",value="1" 1632482077487894400
example,host=bee12d58b128,topic=telegraf metaData_name="category",metaData_value="secure",mediaType="somesensor/Window",bs=1111111111111,siteId="99999999999999",deviceId="18",instanceName="new created Room",lastValue="0",lastDuration="1394947",value="1" 1632482077487894400
example,host=bee12d58b128,topic=telegraf metaData_name="encryption",metaData_value="0",mediaType="somesensor/Window",bs=1111111111111,siteId="99999999999999",deviceId="18",instanceName="new created Room",lastValue="0",lastDuration="1394947",value="1" 1632482077487894400
example,host=bee12d58b128,topic=telegraf metaData_name="nw_id",metaData_value="2222222",mediaType="somesensor/Window",bs=1111111111111,siteId="99999999999999",deviceId="18",instanceName="new created Room",lastValue="0",lastDuration="1394947",value="1" 1632482077952802400
example,host=bee12d58b128,topic=telegraf metaData_name="varindex",metaData_value="103",mediaType="somesensor/Window",bs=1111111111111,siteId="99999999999999",deviceId="18",instanceName="new created Room",lastValue="0",lastDuration="1394947",value="1" 1632482077952802400
example,host=bee12d58b128,topic=telegraf metaData_name="datasource",metaData_value=" ",mediaType="somesensor/Window",bs=1111111111111,siteId="99999999999999",deviceId="18",instanceName="new created Room",lastValue="0",lastDuration="1394947",value="1" 1632482077952802400
example,host=bee12d58b128,topic=telegraf metaData_name="datavalue",metaData_value="1",mediaType="somesensor/Window",bs=1111111111111,siteId="99999999999999",deviceId="18",instanceName="new created Room",lastValue="0",lastDuration="1394947",value="1" 1632482077952802400
example,host=bee12d58b128,topic=telegraf metaData_name="created_at",metaData_value="1632232201814",mediaType="somesensor/Window",bs=1111111111111,siteId="99999999999999",deviceId="18",instanceName="new created Room",lastValue="0",lastDuration="1394947",value="1" 1632482077952802400
example,host=bee12d58b128,topic=telegraf metaData_name="warning",metaData_value="0",mediaType="somesensor/Window",bs=1111111111111,siteId="99999999999999",deviceId="18",instanceName="new created Room",lastValue="0",lastDuration="1394947",value="1" 1632482077952802400
example,host=bee12d58b128,topic=telegraf metaData_name="sysmode",metaData_value="9",mediaType="somesensor/Window",bs=1111111111111,siteId="99999999999999",deviceId="18",instanceName="new created Room",lastValue="0",lastDuration="1394947",value="1" 1632482077952802400
example,host=bee12d58b128,topic=telegraf metaData_name="varfunction",metaData_value="some-window-switch",mediaType="somesensor/Window",bs=1111111111111,siteId="99999999999999",deviceId="18",instanceName="new created Room",lastValue="0",lastDuration="1394947",value="1" 1632482077952802400
example,host=bee12d58b128,topic=telegraf metaData_name="varname",metaData_value="state",mediaType="somesensor/Window",bs=1111111111111,siteId="99999999999999",deviceId="18",instanceName="new created Room",lastValue="0",lastDuration="1394947",value="1" 1632482077952802400
example,host=bee12d58b128,topic=telegraf metaData_name="instance_",metaData_value="new created Room",mediaType="somesensor/Window",bs=1111111111111,siteId="99999999999999",deviceId="18",instanceName="new created Room",lastValue="0",lastDuration="1394947",value="1" 1632482077952802400
example,host=bee12d58b128,topic=telegraf metaData_name="mediatype",metaData_value="some-window-switch/state",mediaType="somesensor/Window",bs=1111111111111,siteId="99999999999999",deviceId="18",instanceName="new created Room",lastValue="0",lastDuration="1394947",value="1" 1632482077952802400
example,host=bee12d58b128,topic=telegraf metaData_name="last_datavalue",metaData_value="0",mediaType="somesensor/Window",bs=1111111111111,siteId="99999999999999",deviceId="18",instanceName="new created Room",lastValue="0",lastDuration="1394947",value="1" 1632482077952802400
example,host=bee12d58b128,topic=telegraf metaData_name="std_units",metaData_value="Open|Closed",mediaType="somesensor/Window",bs=1111111111111,siteId="99999999999999",deviceId="18",instanceName="new created Room",lastValue="0",lastDuration="1394947",value="1" 1632482077952802400
example,host=bee12d58b128,topic=telegraf metaData_name="raw_units",metaData_value="Boolean",mediaType="somesensor/Window",bs=1111111111111,siteId="99999999999999",deviceId="18",instanceName="new created Room",lastValue="0",lastDuration="1394947",value="1" 1632482077952802400
example,host=bee12d58b128,topic=telegraf metaData_name="category",metaData_value="secure",mediaType="somesensor/Window",bs=1111111111111,siteId="99999999999999",deviceId="18",instanceName="new created Room",lastValue="0",lastDuration="1394947",value="1" 1632482077952802400
example,host=bee12d58b128,topic=telegraf metaData_name="encryption",metaData_value="0",mediaType="somesensor/Window",bs=1111111111111,siteId="99999999999999",deviceId="18",instanceName="new created Room",lastValue="0",lastDuration="1394947",value="1" 1632482077952802400
example,host=bee12d58b128,topic=telegraf metaData_name="nw_id",metaData_value="2222222",mediaType="somesensor/Window",bs=1111111111111,siteId="99999999999999",deviceId="18",instanceName="new created Room",lastValue="0",lastDuration="1394947",value="1" 1632482078204547600
example,host=bee12d58b128,topic=telegraf metaData_name="varindex",metaData_value="103",mediaType="somesensor/Window",bs=1111111111111,siteId="99999999999999",deviceId="18",instanceName="new created Room",lastValue="0",lastDuration="1394947",value="1" 1632482078204547600
example,host=bee12d58b128,topic=telegraf metaData_name="datasource",metaData_value=" ",mediaType="somesensor/Window",bs=1111111111111,siteId="99999999999999",deviceId="18",instanceName="new created Room",lastValue="0",lastDuration="1394947",value="1" 1632482078204547600
example,host=bee12d58b128,topic=telegraf metaData_name="datavalue",metaData_value="1",mediaType="somesensor/Window",bs=1111111111111,siteId="99999999999999",deviceId="18",instanceName="new created Room",lastValue="0",lastDuration="1394947",value="1" 1632482078204547600
example,host=bee12d58b128,topic=telegraf metaData_name="created_at",metaData_value="1632232201814",mediaType="somesensor/Window",bs=1111111111111,siteId="99999999999999",deviceId="18",instanceName="new created Room",lastValue="0",lastDuration="1394947",value="1" 1632482078204547600
example,host=bee12d58b128,topic=telegraf metaData_name="warning",metaData_value="0",mediaType="somesensor/Window",bs=1111111111111,siteId="99999999999999",deviceId="18",instanceName="new created Room",lastValue="0",lastDuration="1394947",value="1" 1632482078204547600
example,host=bee12d58b128,topic=telegraf metaData_name="sysmode",metaData_value="9",mediaType="somesensor/Window",bs=1111111111111,siteId="99999999999999",deviceId="18",instanceName="new created Room",lastValue="0",lastDuration="1394947",value="1" 1632482078204547600
example,host=bee12d58b128,topic=telegraf metaData_name="varfunction",metaData_value="some-window-switch",mediaType="somesensor/Window",bs=1111111111111,siteId="99999999999999",deviceId="18",instanceName="new created Room",lastValue="0",lastDuration="1394947",value="1" 1632482078204547600
example,host=bee12d58b128,topic=telegraf metaData_name="varname",metaData_value="state",mediaType="somesensor/Window",bs=1111111111111,siteId="99999999999999",deviceId="18",instanceName="new created Room",lastValue="0",lastDuration="1394947",value="1" 1632482078204547600
example,host=bee12d58b128,topic=telegraf metaData_name="instance_",metaData_value="new created Room",mediaType="somesensor/Window",bs=1111111111111,siteId="99999999999999",deviceId="18",instanceName="new created Room",lastValue="0",lastDuration="1394947",value="1" 1632482078204547600
example,host=bee12d58b128,topic=telegraf metaData_name="mediatype",metaData_value="some-window-switch/state",mediaType="somesensor/Window",bs=1111111111111,siteId="99999999999999",deviceId="18",instanceName="new created Room",lastValue="0",lastDuration="1394947",value="1" 1632482078204547600
example,host=bee12d58b128,topic=telegraf metaData_name="last_datavalue",metaData_value="0",mediaType="somesensor/Window",bs=1111111111111,siteId="99999999999999",deviceId="18",instanceName="new created Room",lastValue="0",lastDuration="1394947",value="1" 1632482078204547600
example,host=bee12d58b128,topic=telegraf metaData_name="std_units",metaData_value="Open|Closed",mediaType="somesensor/Window",bs=1111111111111,siteId="99999999999999",deviceId="18",instanceName="new created Room",lastValue="0",lastDuration="1394947",value="1" 1632482078204547600
example,host=bee12d58b128,topic=telegraf metaData_name="raw_units",metaData_value="Boolean",mediaType="somesensor/Window",bs=1111111111111,siteId="99999999999999",deviceId="18",instanceName="new created Room",lastValue="0",lastDuration="1394947",value="1" 1632482078204547600
example,host=bee12d58b128,topic=telegraf metaData_name="category",metaData_value="secure",mediaType="somesensor/Window",bs=1111111111111,siteId="99999999999999",deviceId="18",instanceName="new created Room",lastValue="0",lastDuration="1394947",value="1" 1632482078204547600
example,host=bee12d58b128,topic=telegraf metaData_name="encryption",metaData_value="0",mediaType="somesensor/Window",bs=1111111111111,siteId="99999999999999",deviceId="18",instanceName="new created Room",lastValue="0",lastDuration="1394947",value="1" 1632482078204547600
example,host=bee12d58b128,topic=telegraf metaData_name="nw_id",metaData_value="2222222",mediaType="somesensor/Window",bs=1111111111111,siteId="99999999999999",deviceId="18",instanceName="new created Room",lastValue="0",lastDuration="1394947",value="1" 1632482392837485200
example,host=bee12d58b128,topic=telegraf metaData_name="varindex",metaData_value="103",mediaType="somesensor/Window",bs=1111111111111,siteId="99999999999999",deviceId="18",instanceName="new created Room",lastValue="0",lastDuration="1394947",value="1" 1632482392837485200
example,host=bee12d58b128,topic=telegraf metaData_name="datasource",metaData_value=" ",mediaType="somesensor/Window",bs=1111111111111,siteId="99999999999999",deviceId="18",instanceName="new created Room",lastValue="0",lastDuration="1394947",value="1" 1632482392837485200
example,host=bee12d58b128,topic=telegraf metaData_name="datavalue",metaData_value="1",mediaType="somesensor/Window",bs=1111111111111,siteId="99999999999999",deviceId="18",instanceName="new created Room",lastValue="0",lastDuration="1394947",value="1" 1632482392837485200
example,host=bee12d58b128,topic=telegraf metaData_name="created_at",metaData_value="1632232201814",mediaType="somesensor/Window",bs=1111111111111,siteId="99999999999999",deviceId="18",instanceName="new created Room",lastValue="0",lastDuration="1394947",value="1" 1632482392837485200
example,host=bee12d58b128,topic=telegraf metaData_name="warning",metaData_value="0",mediaType="somesensor/Window",bs=1111111111111,siteId="99999999999999",deviceId="18",instanceName="new created Room",lastValue="0",lastDuration="1394947",value="1" 1632482392837485200
example,host=bee12d58b128,topic=telegraf metaData_name="sysmode",metaData_value="9",mediaType="somesensor/Window",bs=1111111111111,siteId="99999999999999",deviceId="18",instanceName="new created Room",lastValue="0",lastDuration="1394947",value="1" 1632482392837485200
example,host=bee12d58b128,topic=telegraf metaData_name="varfunction",metaData_value="some-window-switch",mediaType="somesensor/Window",bs=1111111111111,siteId="99999999999999",deviceId="18",instanceName="new created Room",lastValue="0",lastDuration="1394947",value="1" 1632482392837485200
example,host=bee12d58b128,topic=telegraf metaData_name="varname",metaData_value="state",mediaType="somesensor/Window",bs=1111111111111,siteId="99999999999999",deviceId="18",instanceName="new created Room",lastValue="0",lastDuration="1394947",value="1" 1632482392837485200
example,host=bee12d58b128,topic=telegraf metaData_name="instance_",metaData_value="new created Room",mediaType="somesensor/Window",bs=1111111111111,siteId="99999999999999",deviceId="18",instanceName="new created Room",lastValue="0",lastDuration="1394947",value="1" 1632482392837485200
example,host=bee12d58b128,topic=telegraf metaData_name="mediatype",metaData_value="some-window-switch/state",mediaType="somesensor/Window",bs=1111111111111,siteId="99999999999999",deviceId="18",instanceName="new created Room",lastValue="0",lastDuration="1394947",value="1" 1632482392837485200
example,host=bee12d58b128,topic=telegraf metaData_name="last_datavalue",metaData_value="0",mediaType="somesensor/Window",bs=1111111111111,siteId="99999999999999",deviceId="18",instanceName="new created Room",lastValue="0",lastDuration="1394947",value="1" 1632482392837485200
example,host=bee12d58b128,topic=telegraf metaData_name="std_units",metaData_value="Open|Closed",mediaType="somesensor/Window",bs=1111111111111,siteId="99999999999999",deviceId="18",instanceName="new created Room",lastValue="0",lastDuration="1394947",value="1" 1632482392837485200
example,host=bee12d58b128,topic=telegraf metaData_name="raw_units",metaData_value="Boolean",mediaType="somesensor/Window",bs=1111111111111,siteId="99999999999999",deviceId="18",instanceName="new created Room",lastValue="0",lastDuration="1394947",value="1" 1632482392837485200
example,host=bee12d58b128,topic=telegraf metaData_name="category",metaData_value="secure",mediaType="somesensor/Window",bs=1111111111111,siteId="99999999999999",deviceId="18",instanceName="new created Room",lastValue="0",lastDuration="1394947",value="1" 1632482392837485200
example,host=bee12d58b128,topic=telegraf metaData_name="encryption",metaData_value="0",mediaType="somesensor/Window",bs=1111111111111,siteId="99999999999999",deviceId="18",instanceName="new created Room",lastValue="0",lastDuration="1394947",value="1" 1632482392837485200
example,host=bee12d58b128,topic=telegraf metaData_name="nw_id",metaData_value="2222222",mediaType="somesensor/Window",bs=1111111111111,siteId="99999999999999",deviceId="18",instanceName="new created Room",lastValue="0",lastDuration="1394947",value="1" 1632482426627382700
example,host=bee12d58b128,topic=telegraf metaData_name="varindex",metaData_value="103",mediaType="somesensor/Window",bs=1111111111111,siteId="99999999999999",deviceId="18",instanceName="new created Room",lastValue="0",lastDuration="1394947",value="1" 1632482426627382700
example,host=bee12d58b128,topic=telegraf metaData_name="datasource",metaData_value=" ",mediaType="somesensor/Window",bs=1111111111111,siteId="99999999999999",deviceId="18",instanceName="new created Room",lastValue="0",lastDuration="1394947",value="1" 1632482426627382700
example,host=bee12d58b128,topic=telegraf metaData_name="datavalue",metaData_value="1",mediaType="somesensor/Window",bs=1111111111111,siteId="99999999999999",deviceId="18",instanceName="new created Room",lastValue="0",lastDuration="1394947",value="1" 1632482426627382700
example,host=bee12d58b128,topic=telegraf metaData_name="created_at",metaData_value="1632232201814",mediaType="somesensor/Window",bs=1111111111111,siteId="99999999999999",deviceId="18",instanceName="new created Room",lastValue="0",lastDuration="1394947",value="1" 1632482426627382700
example,host=bee12d58b128,topic=telegraf metaData_name="warning",metaData_value="0",mediaType="somesensor/Window",bs=1111111111111,siteId="99999999999999",deviceId="18",instanceName="new created Room",lastValue="0",lastDuration="1394947",value="1" 1632482426627382700
example,host=bee12d58b128,topic=telegraf metaData_name="sysmode",metaData_value="9",mediaType="somesensor/Window",bs=1111111111111,siteId="99999999999999",deviceId="18",instanceName="new created Room",lastValue="0",lastDuration="1394947",value="1" 1632482426627382700
example,host=bee12d58b128,topic=telegraf metaData_name="varfunction",metaData_value="some-window-switch",mediaType="somesensor/Window",bs=1111111111111,siteId="99999999999999",deviceId="18",instanceName="new created Room",lastValue="0",lastDuration="1394947",value="1" 1632482426627382700
example,host=bee12d58b128,topic=telegraf metaData_name="varname",metaData_value="state",mediaType="somesensor/Window",bs=1111111111111,siteId="99999999999999",deviceId="18",instanceName="new created Room",lastValue="0",lastDuration="1394947",value="1" 1632482426627382700
example,host=bee12d58b128,topic=telegraf metaData_name="instance_",metaData_value="new created Room",mediaType="somesensor/Window",bs=1111111111111,siteId="99999999999999",deviceId="18",instanceName="new created Room",lastValue="0",lastDuration="1394947",value="1" 1632482426627382700
example,host=bee12d58b128,topic=telegraf metaData_name="mediatype",metaData_value="some-window-switch/state",mediaType="somesensor/Window",bs=1111111111111,siteId="99999999999999",deviceId="18",instanceName="new created Room",lastValue="0",lastDuration="1394947",value="1" 1632482426627382700
example,host=bee12d58b128,topic=telegraf metaData_name="last_datavalue",metaData_value="0",mediaType="somesensor/Window",bs=1111111111111,siteId="99999999999999",deviceId="18",instanceName="new created Room",lastValue="0",lastDuration="1394947",value="1" 1632482426627382700
example,host=bee12d58b128,topic=telegraf metaData_name="std_units",metaData_value="Open|Closed",mediaType="somesensor/Window",bs=1111111111111,siteId="99999999999999",deviceId="18",instanceName="new created Room",lastValue="0",lastDuration="1394947",value="1" 1632482426627382700
example,host=bee12d58b128,topic=telegraf metaData_name="raw_units",metaData_value="Boolean",mediaType="somesensor/Window",bs=1111111111111,siteId="99999999999999",deviceId="18",instanceName="new created Room",lastValue="0",lastDuration="1394947",value="1" 1632482426627382700
example,host=bee12d58b128,topic=telegraf metaData_name="category",metaData_value="secure",mediaType="somesensor/Window",bs=1111111111111,siteId="99999999999999",deviceId="18",instanceName="new created Room",lastValue="0",lastDuration="1394947",value="1" 1632482426627382700
example,host=bee12d58b128,topic=telegraf metaData_name="encryption",metaData_value="0",mediaType="somesensor/Window",bs=1111111111111,siteId="99999999999999",deviceId="18",instanceName="new created Room",lastValue="0",lastDuration="1394947",value="1" 1632482426627382700
example,host=bee12d58b128,topic=telegraf metaData_name="nw_id",metaData_value="2222222",mediaType="somesensor/Window",bs=1111111111111,siteId="99999999999999",deviceId="18",instanceName="new created Room",lastValue="0",lastDuration="1394947",value="1" 1632482427083725100
example,host=bee12d58b128,topic=telegraf metaData_name="varindex",metaData_value="103",mediaType="somesensor/Window",bs=1111111111111,siteId="99999999999999",deviceId="18",instanceName="new created Room",lastValue="0",lastDuration="1394947",value="1" 1632482427083725100
example,host=bee12d58b128,topic=telegraf metaData_name="datasource",metaData_value=" ",mediaType="somesensor/Window",bs=1111111111111,siteId="99999999999999",deviceId="18",instanceName="new created Room",lastValue="0",lastDuration="1394947",value="1" 1632482427083725100
example,host=bee12d58b128,topic=telegraf metaData_name="datavalue",metaData_value="1",mediaType="somesensor/Window",bs=1111111111111,siteId="99999999999999",deviceId="18",instanceName="new created Room",lastValue="0",lastDuration="1394947",value="1" 1632482427083725100
example,host=bee12d58b128,topic=telegraf metaData_name="created_at",metaData_value="1632232201814",mediaType="somesensor/Window",bs=1111111111111,siteId="99999999999999",deviceId="18",instanceName="new created Room",lastValue="0",lastDuration="1394947",value="1" 1632482427083725100
example,host=bee12d58b128,topic=telegraf metaData_name="warning",metaData_value="0",mediaType="somesensor/Window",bs=1111111111111,siteId="99999999999999",deviceId="18",instanceName="new created Room",lastValue="0",lastDuration="1394947",value="1" 1632482427083725100
example,host=bee12d58b128,topic=telegraf metaData_name="sysmode",metaData_value="9",mediaType="somesensor/Window",bs=1111111111111,siteId="99999999999999",deviceId="18",instanceName="new created Room",lastValue="0",lastDuration="1394947",value="1" 1632482427083725100
example,host=bee12d58b128,topic=telegraf metaData_name="varfunction",metaData_value="some-window-switch",mediaType="somesensor/Window",bs=1111111111111,siteId="99999999999999",deviceId="18",instanceName="new created Room",lastValue="0",lastDuration="1394947",value="1" 1632482427083725100
example,host=bee12d58b128,topic=telegraf metaData_name="varname",metaData_value="state",mediaType="somesensor/Window",bs=1111111111111,siteId="99999999999999",deviceId="18",instanceName="new created Room",lastValue="0",lastDuration="1394947",value="1" 1632482427083725100
example,host=bee12d58b128,topic=telegraf metaData_name="instance_",metaData_value="new created Room",mediaType="somesensor/Window",bs=1111111111111,siteId="99999999999999",deviceId="18",instanceName="new created Room",lastValue="0",lastDuration="1394947",value="1" 1632482427083725100
example,host=bee12d58b128,topic=telegraf metaData_name="mediatype",metaData_value="some-window-switch/state",mediaType="somesensor/Window",bs=1111111111111,siteId="99999999999999",deviceId="18",instanceName="new created Room",lastValue="0",lastDuration="1394947",value="1" 1632482427083725100
example,host=bee12d58b128,topic=telegraf metaData_name="last_datavalue",metaData_value="0",mediaType="somesensor/Window",bs=1111111111111,siteId="99999999999999",deviceId="18",instanceName="new created Room",lastValue="0",lastDuration="1394947",value="1" 1632482427083725100
example,host=bee12d58b128,topic=telegraf metaData_name="std_units",metaData_value="Open|Closed",mediaType="somesensor/Window",bs=1111111111111,siteId="99999999999999",deviceId="18",instanceName="new created Room",lastValue="0",lastDuration="1394947",value="1" 1632482427083725100
example,host=bee12d58b128,topic=telegraf metaData_name="raw_units",metaData_value="Boolean",mediaType="somesensor/Window",bs=1111111111111,siteId="99999999999999",deviceId="18",instanceName="new created Room",lastValue="0",lastDuration="1394947",value="1" 1632482427083725100
example,host=bee12d58b128,topic=telegraf metaData_name="category",metaData_value="secure",mediaType="somesensor/Window",bs=1111111111111,siteId="99999999999999",deviceId="18",instanceName="new created Room",lastValue="0",lastDuration="1394947",value="1" 1632482427083725100
example,host=bee12d58b128,topic=telegraf metaData_name="encryption",metaData_value="0",mediaType="somesensor/Window",bs=1111111111111,siteId="99999999999999",deviceId="18",instanceName="new created Room",lastValue="0",lastDuration="1394947",value="1" 1632482427083725100
example,host=bee12d58b128,topic=telegraf mediaType="somesensor/Window",bs=1111111111111,siteId="99999999999999",instanceName="new created Room",lastValue="0",lastDuration="1394947",value="1" 1632483949948925700
example,host=bee12d58b128,topic=telegraf mediaType="somesensor/Window",bs=1111111111111,siteId="99999999999999",instanceName="new created Room",lastValue="0",lastDuration="1394947",value="1" 1632483990293028800
example,host=bee12d58b128,topic=telegraf mediaType="somesensor/Window",bs=1111111111111,siteId="99999999999999",instanceName="new created Room",lastValue="0",lastDuration="1394947",value="1" 1632484319319871000
example,host=bee12d58b128,topic=telegraf mediaType="somesensor/Window",bs=1111111111111,siteId="99999999999999",instanceName="new created Room",lastValue="0",lastDuration="1394947",value="1" 1632484320906880100
example,host=bee12d58b128,topic=telegraf mediaType="somesensor/Window",bs=1111111111111,siteId="99999999999999",instanceName="new created Room",lastValue="0",lastDuration="1394947",value="1" 1632484348994515600
example,host=bee12d58b128,topic=telegraf mediaType="somesensor/Window",bs=1111111111111,siteId="99999999999999",instanceName="new created Room",lastValue="0",lastDuration="1394947",value="1" 1632484349571728100
example,host=bee12d58b128,topic=telegraf mediaType="somesensor/Window",bs=1111111111111,siteId="99999999999999",instanceName="new created Room",lastValue="0",lastDuration="1394947",value="1" 1632484350100672600
example,host=bee12d58b128,topic=telegraf mediaType="somesensor/Window",bs=1111111111111,siteId="99999999999999",instanceName="new created Room",lastValue="0",lastDuration="1394947",value="1" 1632484442218208500
example,host=bee12d58b128,topic=telegraf mediaType="somesensor/Window",bs=1111111111111,siteId="99999999999999",instanceName="new created Room",lastValue="0",lastDuration="1394947",value="1" 1632484443865118500
example,host=bee12d58b128,topic=telegraf mediaType="somesensor/Window",bs=1111111111111,siteId="99999999999999",instanceName="new created Room",lastValue="0",lastDuration="1394947",value="1" 1632485088806710800
example,host=bee12d58b128,topic=telegraf name="nw_id",value="2222222" 1632485088806710800
example,host=bee12d58b128,topic=telegraf name="varindex",value="103" 1632485088806710800
example,host=bee12d58b128,topic=telegraf name="datasource",value=" " 1632485088806710800
example,host=bee12d58b128,topic=telegraf name="datavalue",value="1" 1632485088806710800
example,host=bee12d58b128,topic=telegraf name="created_at",value="1632232201814" 1632485088806710800
example,host=bee12d58b128,topic=telegraf name="warning",value="0" 1632485088806710800
example,host=bee12d58b128,topic=telegraf name="sysmode",value="9" 1632485088806710800
example,host=bee12d58b128,topic=telegraf name="varfunction",value="some-window-switch" 1632485088806710800
example,host=bee12d58b128,topic=telegraf name="varname",value="state" 1632485088806710800
example,host=bee12d58b128,topic=telegraf name="instance_",value="new created Room" 1632485088806710800
example,host=bee12d58b128,topic=telegraf name="mediatype",value="some-window-switch/state" 1632485088806710800
example,host=bee12d58b128,topic=telegraf name="last_datavalue",value="0" 1632485088806710800
example,host=bee12d58b128,topic=telegraf name="std_units",value="Open|Closed" 1632485088806710800
example,host=bee12d58b128,topic=telegraf name="raw_units",value="Boolean" 1632485088806710800
example,host=bee12d58b128,topic=telegraf name="category",value="secure" 1632485088806710800
example,host=bee12d58b128,topic=telegraf name="encryption",value="0" 1632485088806710800
example,host=bee12d58b128,topic=telegraf mediaType="somesensor/Window",bs=1111111111111,siteId="99999999999999",instanceName="new created Room",lastValue="0",lastDuration="1394947",value="1" 1632485825161175000
example,host=bee12d58b128,topic=telegraf name="nw_id",value="2222222" 1632485825161175000
example,host=bee12d58b128,topic=telegraf name="varindex",value="103" 1632485825161175000
example,host=bee12d58b128,topic=telegraf name="datasource",value=" " 1632485825161175000
example,host=bee12d58b128,topic=telegraf name="datavalue",value="1" 1632485825161175000
example,host=bee12d58b128,topic=telegraf name="created_at",value="1632232201814" 1632485825161175000
example,host=bee12d58b128,topic=telegraf name="warning",value="0" 1632485825161175000
example,host=bee12d58b128,topic=telegraf name="sysmode",value="9" 1632485825161175000
example,host=bee12d58b128,topic=telegraf name="varfunction",value="some-window-switch" 1632485825161175000
example,host=bee12d58b128,topic=telegraf name="varname",value="state" 1632485825161175000
example,host=bee12d58b128,topic=telegraf name="instance_",value="new created Room" 1632485825161175000
example,host=bee12d58b128,topic=telegraf name="mediatype",value="some-window-switch/state" 1632485825161175000
example,host=bee12d58b128,topic=telegraf name="last_datavalue",value="0" 1632485825161175000
example,host=bee12d58b128,topic=telegraf name="std_units",value="Open|Closed" 1632485825161175000
example,host=bee12d58b128,topic=telegraf name="raw_units",value="Boolean" 1632485825161175000
example,host=bee12d58b128,topic=telegraf name="category",value="secure" 1632485825161175000
example,host=bee12d58b128,topic=telegraf name="encryption",value="0" 1632485825161175000
example,host=bee12d58b128,topic=telegraf mediaType="somesensor/Window",bs=1111111111111,siteId="99999999999999",instanceName="new created Room",lastValue="0",lastDuration="1394947",value="1" 1632488165883412200
example,host=bee12d58b128,topic=telegraf mediaType="somesensor/Window",bs=1111111111111,siteId="99999999999999",instanceName="new created Room",lastValue="0",lastDuration="1394947",value="1" 1632488167494739600
example,host=bee12d58b128,topic=telegraf mediaType="somesensor/Window",bs=1111111111111,siteId="99999999999999",instanceName="new created Room",lastValue="0",lastDuration="1394947",value="1" 1632488265107197100
example,host=bee12d58b128,topic=telegraf mediaType="somesensor/Window",bs=1111111111111,siteId="99999999999999",instanceName="new created Room",lastValue="0",lastDuration="1394947",value="1" 1632488270673074700
example,host=bee12d58b128,topic=telegraf mediaType="somesensor/Window",bs=1111111111111,siteId="99999999999999",instanceName="new created Room",lastValue="0",lastDuration="1394947",value="1" 1632488272680791100
example,host=bee12d58b128,topic=telegraf mediaType="somesensor/Window",bs=1111111111111,siteId="99999999999999",instanceName="new created Room",lastValue="0",lastDuration="1394947",value="1" 1632488611966975300
example,host=bee12d58b128,topic=telegraf name="nw_id",value="2222222" 1632488611966975300
example,host=bee12d58b128,topic=telegraf name="varindex",value="103" 1632488611966975300
example,host=bee12d58b128,topic=telegraf name="datasource",value=" " 1632488611966975300
example,host=bee12d58b128,topic=telegraf name="datavalue",value="1" 1632488611966975300
example,host=bee12d58b128,topic=telegraf name="created_at",value="1632232201814" 1632488611966975300
example,host=bee12d58b128,topic=telegraf name="warning",value="0" 1632488611966975300
example,host=bee12d58b128,topic=telegraf name="sysmode",value="9" 1632488611966975300
example,host=bee12d58b128,topic=telegraf name="varfunction",value="some-window-switch" 1632488611966975300
example,host=bee12d58b128,topic=telegraf name="varname",value="state" 1632488611966975300
example,host=bee12d58b128,topic=telegraf name="instance_",value="new created Room" 1632488611966975300
example,host=bee12d58b128,topic=telegraf name="mediatype",value="some-window-switch/state" 1632488611966975300
example,host=bee12d58b128,topic=telegraf name="last_datavalue",value="0" 1632488611966975300
example,host=bee12d58b128,topic=telegraf name="std_units",value="Open|Closed" 1632488611966975300
example,host=bee12d58b128,topic=telegraf name="raw_units",value="Boolean" 1632488611966975300
example,host=bee12d58b128,topic=telegraf name="category",value="secure" 1632488611966975300
example,host=bee12d58b128,topic=telegraf name="encryption",value="0" 1632488611966975300
example,host=bee12d58b128,topic=telegraf mediaType="somesensor/Window",bs=1111111111111,siteId="99999999999999",instanceName="new created Room",lastValue="0",lastDuration="1394947",value="1" 1632488617416645000
example,host=bee12d58b128,topic=telegraf name="nw_id",value="2222222" 1632488617416645000
example,host=bee12d58b128,topic=telegraf name="varindex",value="103" 1632488617416645000
example,host=bee12d58b128,topic=telegraf name="datasource",value=" " 1632488617416645000
example,host=bee12d58b128,topic=telegraf name="datavalue",value="1" 1632488617416645000
example,host=bee12d58b128,topic=telegraf name="created_at",value="1632232201814" 1632488617416645000
example,host=bee12d58b128,topic=telegraf name="warning",value="0" 1632488617416645000
example,host=bee12d58b128,topic=telegraf name="sysmode",value="9" 1632488617416645000
example,host=bee12d58b128,topic=telegraf name="varfunction",value="some-window-switch" 1632488617416645000
example,host=bee12d58b128,topic=telegraf name="varname",value="state" 1632488617416645000
example,host=bee12d58b128,topic=telegraf name="instance_",value="new created Room" 1632488617416645000
example,host=bee12d58b128,topic=telegraf name="mediatype",value="some-window-switch/state" 1632488617416645000
example,host=bee12d58b128,topic=telegraf name="last_datavalue",value="0" 1632488617416645000
example,host=bee12d58b128,topic=telegraf name="std_units",value="Open|Closed" 1632488617416645000
example,host=bee12d58b128,topic=telegraf name="raw_units",value="Boolean" 1632488617416645000
example,host=bee12d58b128,topic=telegraf name="category",value="secure" 1632488617416645000
example,host=bee12d58b128,topic=telegraf name="encryption",value="0" 1632488617416645000
example,host=bee12d58b128,topic=telegraf mediaType="somesensor/Window",bs=1111111111111,siteId="99999999999999",instanceName="new created Room",lastValue="0",lastDuration="1394947",value="1" 1632488694050320300
example,host=bee12d58b128,topic=telegraf metaData_name="nw_id",metaData_value="2222222" 1632488694050320300
example,host=bee12d58b128,topic=telegraf metaData_name="varindex",metaData_value="103" 1632488694050320300
example,host=bee12d58b128,topic=telegraf metaData_name="datasource",metaData_value=" " 1632488694050320300
example,host=bee12d58b128,topic=telegraf metaData_name="datavalue",metaData_value="1" 1632488694050320300
example,host=bee12d58b128,topic=telegraf metaData_name="created_at",metaData_value="1632232201814" 1632488694050320300
example,host=bee12d58b128,topic=telegraf metaData_name="warning",metaData_value="0" 1632488694050320300
example,host=bee12d58b128,topic=telegraf metaData_name="sysmode",metaData_value="9" 1632488694050320300
example,host=bee12d58b128,topic=telegraf metaData_name="varfunction",metaData_value="some-window-switch" 1632488694050320300
example,host=bee12d58b128,topic=telegraf metaData_name="varname",metaData_value="state" 1632488694050320300
example,host=bee12d58b128,topic=telegraf metaData_name="instance_",metaData_value="new created Room" 1632488694050320300
example,host=bee12d58b128,topic=telegraf metaData_name="mediatype",metaData_value="some-window-switch/state" 1632488694050320300
example,host=bee12d58b128,topic=telegraf metaData_name="last_datavalue",metaData_value="0" 1632488694050320300
example,host=bee12d58b128,topic=telegraf metaData_name="std_units",metaData_value="Open|Closed" 1632488694050320300
example,host=bee12d58b128,topic=telegraf metaData_name="raw_units",metaData_value="Boolean" 1632488694050320300
example,host=bee12d58b128,topic=telegraf metaData_name="category",metaData_value="secure" 1632488694050320300
example,host=bee12d58b128,topic=telegraf metaData_name="encryption",metaData_value="0" 1632488694050320300
example,host=bee12d58b128,topic=telegraf mediaType="somesensor/Window",bs=1111111111111,siteId="99999999999999",instanceName="new created Room",lastValue="0",lastDuration="1394947",value="1" 1632488898363419800
example,host=bee12d58b128,topic=telegraf metaData_name="nw_id",metaData_value="2222222" 1632488898363419800
example,host=bee12d58b128,topic=telegraf metaData_name="varindex",metaData_value="103" 1632488898363419800
example,host=bee12d58b128,topic=telegraf metaData_name="datasource",metaData_value=" " 1632488898363419800
example,host=bee12d58b128,topic=telegraf metaData_name="datavalue",metaData_value="1" 1632488898363419800
example,host=bee12d58b128,topic=telegraf metaData_name="created_at",metaData_value="1632232201814" 1632488898363419800
example,host=bee12d58b128,topic=telegraf metaData_name="warning",metaData_value="0" 1632488898363419800
example,host=bee12d58b128,topic=telegraf metaData_name="sysmode",metaData_value="9" 1632488898363419800
example,host=bee12d58b128,topic=telegraf metaData_name="varfunction",metaData_value="some-window-switch" 1632488898363419800
example,host=bee12d58b128,topic=telegraf metaData_name="varname",metaData_value="state" 1632488898363419800
example,host=bee12d58b128,topic=telegraf metaData_name="instance_",metaData_value="new created Room" 1632488898363419800
example,host=bee12d58b128,topic=telegraf metaData_name="mediatype",metaData_value="some-window-switch/state" 1632488898363419800
example,host=bee12d58b128,topic=telegraf metaData_name="last_datavalue",metaData_value="0" 1632488898363419800
example,host=bee12d58b128,topic=telegraf metaData_name="std_units",metaData_value="Open|Closed" 1632488898363419800
example,host=bee12d58b128,topic=telegraf metaData_name="raw_units",metaData_value="Boolean" 1632488898363419800
example,host=bee12d58b128,topic=telegraf metaData_name="category",metaData_value="secure" 1632488898363419800
example,host=bee12d58b128,topic=telegraf metaData_name="encryption",metaData_value="0" 1632488898363419800
example,host=bee12d58b128,topic=telegraf mediaType="somesensor/Window",bs=1111111111111,siteId="99999999999999",instanceName="new created Room",lastValue="0",lastDuration="1394947",value="1" 1632488993624377700
example,host=bee12d58b128,metaData_name=nw_id,topic=telegraf metaData_value="2222222" 1632488993624377700
example,host=bee12d58b128,metaData_name=varindex,topic=telegraf metaData_value="103" 1632488993624377700
example,host=bee12d58b128,metaData_name=datasource,topic=telegraf metaData_value=" " 1632488993624377700
example,host=bee12d58b128,metaData_name=datavalue,topic=telegraf metaData_value="1" 1632488993624377700
example,host=bee12d58b128,metaData_name=created_at,topic=telegraf metaData_value="1632232201814" 1632488993624377700
example,host=bee12d58b128,metaData_name=warning,topic=telegraf metaData_value="0" 1632488993624377700
example,host=bee12d58b128,metaData_name=sysmode,topic=telegraf metaData_value="9" 1632488993624377700
example,host=bee12d58b128,metaData_name=varfunction,topic=telegraf metaData_value="some-window-switch" 1632488993624377700
example,host=bee12d58b128,metaData_name=varname,topic=telegraf metaData_value="state" 1632488993624377700
example,host=bee12d58b128,metaData_name=instance_,topic=telegraf metaData_value="new created Room" 1632488993624377700
example,host=bee12d58b128,metaData_name=mediatype,topic=telegraf metaData_value="some-window-switch/state" 1632488993624377700
example,host=bee12d58b128,metaData_name=last_datavalue,topic=telegraf metaData_value="0" 1632488993624377700
example,host=bee12d58b128,metaData_name=std_units,topic=telegraf metaData_value="Open|Closed" 1632488993624377700
example,host=bee12d58b128,metaData_name=raw_units,topic=telegraf metaData_value="Boolean" 1632488993624377700
example,host=bee12d58b128,metaData_name=category,topic=telegraf metaData_value="secure" 1632488993624377700
example,host=bee12d58b128,metaData_name=encryption,topic=telegraf metaData_value="0" 1632488993624377700
example,host=bee12d58b128,topic=telegraf mediaType="somesensor/Window",bs=1111111111111,siteId="99999999999999",instanceName="new created Room",lastValue="0",lastDuration="1394947",value="1" 1632489334634215200
example,host=bee12d58b128,topic=telegraf metaData_value="2222222" 1632489334634215200
example,host=bee12d58b128,topic=telegraf metaData_value="103" 1632489334634215200
example,host=bee12d58b128,topic=telegraf metaData_value=" " 1632489334634215200
example,host=bee12d58b128,topic=telegraf metaData_value="1" 1632489334634215200
example,host=bee12d58b128,topic=telegraf metaData_value="1632232201814" 1632489334634215200
example,host=bee12d58b128,topic=telegraf metaData_value="0" 1632489334634215200
example,host=bee12d58b128,topic=telegraf metaData_value="9" 1632489334634215200
example,host=bee12d58b128,topic=telegraf metaData_value="some-window-switch" 1632489334634215200
example,host=bee12d58b128,topic=telegraf metaData_value="state" 1632489334634215200
example,host=bee12d58b128,topic=telegraf metaData_value="new created Room" 1632489334634215200
example,host=bee12d58b128,topic=telegraf metaData_value="some-window-switch/state" 1632489334634215200
example,host=bee12d58b128,topic=telegraf metaData_value="0" 1632489334634215200
example,host=bee12d58b128,topic=telegraf metaData_value="Open|Closed" 1632489334634215200
example,host=bee12d58b128,topic=telegraf metaData_value="Boolean" 1632489334634215200
example,host=bee12d58b128,topic=telegraf metaData_value="secure" 1632489334634215200
example,host=bee12d58b128,topic=telegraf metaData_value="0" 1632489334634215200
example,host=bee12d58b128,topic=telegraf mediaType="somesensor/Window",bs=1111111111111,siteId="99999999999999",instanceName="new created Room",lastValue="0",lastDuration="1394947",value="1" 1632489557056949000
example,host=bee12d58b128,topic=telegraf metaData_value="2222222" 1632489557056949000
example,host=bee12d58b128,topic=telegraf metaData_value="103" 1632489557056949000
example,host=bee12d58b128,topic=telegraf metaData_value=" " 1632489557056949000
example,host=bee12d58b128,topic=telegraf metaData_value="1" 1632489557056949000
example,host=bee12d58b128,topic=telegraf metaData_value="1632232201814" 1632489557056949000
example,host=bee12d58b128,topic=telegraf metaData_value="0" 1632489557056949000
example,host=bee12d58b128,topic=telegraf metaData_value="9" 1632489557056949000
example,host=bee12d58b128,topic=telegraf metaData_value="some-window-switch" 1632489557056949000
example,host=bee12d58b128,topic=telegraf metaData_value="state" 1632489557056949000
example,host=bee12d58b128,topic=telegraf metaData_value="new created Room" 1632489557056949000
example,host=bee12d58b128,topic=telegraf metaData_value="some-window-switch/state" 1632489557056949000
example,host=bee12d58b128,topic=telegraf metaData_value="0" 1632489557056949000
example,host=bee12d58b128,topic=telegraf metaData_value="Open|Closed" 1632489557056949000
example,host=bee12d58b128,topic=telegraf metaData_value="Boolean" 1632489557056949000
example,host=bee12d58b128,topic=telegraf metaData_value="secure" 1632489557056949000
example,host=bee12d58b128,topic=telegraf metaData_value="0" 1632489557056949000
example,host=bee12d58b128,topic=telegraf sim_id="10004",gsm=4 1632906557060473300
example,host=bee12d58b128,topic=telegraf sim_id="10004",gsm=4 1632906591724149000
example,host=bee12d58b128,topic=telegraf sim_id="10004",gsm=4 1632906591876808500
example,host=bee12d58b128,topic=telegraf sim_id="10004",gsm=4 1632906592043765700
example,host=bee12d58b128,topic=telegraf 10001_sim_id="10001",10001_gsm=1,10002_sim_id="10002",10002_gsm=2,10003_sim_id="10003",10003_gsm=3,10004_sim_id="10004",10004_gsm=4 1632906651773926800
example,host=bee12d58b128,topic=telegraf 10001_sim_id="10001",10001_gsm=1,10002_sim_id="10002",10002_gsm=2,10003_sim_id="10003",10003_gsm=3,10004_sim_id="10004",10004_gsm=4 1632906651951438300
example,host=bee12d58b128,topic=telegraf 10001_sim_id="10001",10001_gsm=1,10002_sim_id="10002",10002_gsm=2,10003_sim_id="10003",10003_gsm=3,10004_sim_id="10004",10004_gsm=4 1632906652066031900
example,host=bee12d58b128,topic=telegraf sim_id="10001",gsm=1 1632908793561784900
example,host=bee12d58b128,topic=telegraf sim_id="10001",gsm=1 1632908794727115800
example,host=bee12d58b128,topic=telegraf 10001_sim_id="10001",10001_gsm=1,10002_sim_id="10002",10002_gsm=2,10003_sim_id="10003",10003_gsm=3,10004_sim_id="10004",10004_gsm=4 1632909246550792600
example,host=bee12d58b128,topic=telegraf 10001_sim_id="10001",10001_gsm=1,10002_sim_id="10002",10002_gsm=2,10003_sim_id="10003",10003_gsm=3,10004_sim_id="10004",10004_gsm=4 1632909246718331300
example,host=bee12d58b128,topic=telegraf 10001_sim_id="10001",10001_gsm=1,10002_sim_id="10002",10002_gsm=2,10003_sim_id="10003",10003_gsm=3,10004_sim_id="10004",10004_gsm=4 1632909246875647300
example,host=bee12d58b128,topic=telegraf 10001_sim_id="10001",10001_gsm=1,10002_sim_id="10002",10002_gsm=2,10003_sim_id="10003",10003_gsm=3,10004_sim_id="10004",10004_gsm=4 1632909247026055700
example,host=bee12d58b128,topic=telegraf 10001_sim_id="10001",10001_gsm=1,10002_sim_id="10002",10002_gsm=2,10003_sim_id="10003",10003_gsm=3,10004_sim_id="10004",10004_gsm=4 1632909247168283100
